p/IMG_4440.jpg 1 0 0 3024 4032
p/IMG_4439.jpg 1 0 0 3024 4032
p/IMG_4438.jpg 1 0 0 3024 4032
p/IMG_4437.jpg 1 0 0 3024 4032
p/IMG_4436.jpg 1 0 0 3024 4032
p/IMG_4435.jpg 1 0 0 3024 4032
p/IMG_4434.jpg 1 0 0 3024 4032
p/IMG_4433.jpg 1 0 0 3024 4032
p/IMG_4432.jpg 1 0 0 3024 4032
p/IMG_4431.jpg 1 0 0 3024 4032
p/IMG_4430.jpg 1 0 0 3024 4032
p/IMG_4429.jpg 1 0 0 3024 4032
p/IMG_4428.jpg 1 0 0 3024 4032
p/IMG_4427.jpg 1 0 0 3024 4032
p/IMG_4426.jpg 1 0 0 3024 4032
p/IMG_4425.jpg 1 0 0 3024 4032
p/IMG_4424.jpg 1 0 0 3024 4032
p/IMG_4423.jpg 1 0 0 3024 4032
p/IMG_4422.jpg 1 0 0 3024 4032
p/IMG_4421.jpg 1 0 0 3024 4032
p/IMG_4420.jpg 1 0 0 3024 4032
p/IMG_4419.jpg 1 0 0 3024 4032
p/IMG_4418.jpg 1 0 0 3024 4032
p/IMG_4417.jpg 1 0 0 3024 4032
p/IMG_4416.jpg 1 0 0 3024 4032
p/IMG_4415.jpg 1 0 0 3024 4032
p/IMG_4414.jpg 1 0 0 3024 4032
p/IMG_4413.jpg 1 0 0 3024 4032
p/IMG_4412.jpg 1 0 0 3024 4032
p/IMG_4411.jpg 1 0 0 3024 4032
p/IMG_4405.jpg 1 0 0 3024 4032
p/IMG_4404.jpg 1 0 0 3024 4032
p/IMG_4403.jpg 1 0 0 3024 4032
p/IMG_4402.jpg 1 0 0 3024 4032
p/IMG_4401.jpg 1 0 0 3024 4032
p/IMG_4400.jpg 1 0 0 3024 4032
p/IMG_4399.jpg 1 0 0 3024 4032
p/IMG_4398.jpg 1 0 0 3024 4032
p/IMG_4397.jpg 1 0 0 3024 4032
p/IMG_4396.jpg 1 0 0 3024 4032
p/IMG_4395.jpg 1 0 0 3024 4032
p/IMG_4394.jpg 1 0 0 3024 4032
p/IMG_4393.jpg 1 0 0 3024 4032
p/IMG_4392.jpg 1 0 0 3024 4032
p/IMG_4391.jpg 1 0 0 3024 4032
p/IMG_4390.jpg 1 0 0 3024 4032
p/IMG_4389.jpg 1 0 0 3024 4032
p/IMG_4388.jpg 1 0 0 3024 4032
p/IMG_4387.jpg 1 0 0 3024 4032
p/IMG_4386.jpg 1 0 0 3024 4032
p/IMG_4385.jpg 1 0 0 3024 4032
p/IMG_4384.jpg 1 0 0 3024 4032
p/IMG_4383.jpg 1 0 0 3024 4032
p/IMG_4382.jpg 1 0 0 3024 4032
p/IMG_4381.jpg 1 0 0 3024 4032
p/IMG_4376.jpg 1 0 0 3024 4032
p/IMG_4379.jpg 1 0 0 3024 4032
p/IMG_4356.jpg 1 0 0 3024 4032
p/IMG_4369.jpg 1 0 0 3024 4032
p/IMG_4359.jpg 1 0 0 3024 4032
p/IMG_4364.jpg 1 0 0 3024 4032
p/IMG_4367.jpg 1 0 0 3024 4032
p/IMG_4371.jpg 1 0 0 3024 4032
p/IMG_4358.jpg 1 0 0 3024 4032
p/IMG_4380.jpg 1 0 0 3024 4032
p/IMG_4378.jpg 1 0 0 3024 4032
p/IMG_4377.jpg 1 0 0 3024 4032
p/IMG_4352.jpg 1 0 0 3024 4032
p/IMG_4363.jpg 1 0 0 3024 4032
p/IMG_4355.jpg 1 0 0 3024 4032
p/IMG_4354.jpg 1 0 0 3024 4032
p/IMG_4370.jpg 1 0 0 3024 4032
p/IMG_4361.jpg 1 0 0 3024 4032
p/IMG_4365.jpg 1 0 0 3024 4032
p/IMG_4375.jpg 1 0 0 3024 4032
p/IMG_4366.jpg 1 0 0 3024 4032
p/IMG_4360.jpg 1 0 0 3024 4032
p/IMG_4372.jpg 1 0 0 3024 4032
p/IMG_4368.jpg 1 0 0 3024 4032
p/IMG_4353.jpg 1 0 0 3024 4032
p/IMG_4374.jpg 1 0 0 3024 4032
p/IMG_4362.jpg 1 0 0 3024 4032
p/IMG_4373.jpg 1 0 0 3024 4032
p/IMG_4357.jpg 1 0 0 3024 4032
p/IMG_4351.jpg 1 0 0 3024 4032
p/IMG_4344.jpg 1 0 0 3024 4032
p/IMG_4348.jpg 1 0 0 3024 4032
p/IMG_4325.jpg 1 0 0 3024 4032
p/IMG_4333.jpg 1 0 0 3024 4032
p/IMG_4336.jpg 1 0 0 3024 4032
p/IMG_4343.jpg 1 0 0 3024 4032
p/IMG_4349.jpg 1 0 0 3024 4032
p/IMG_4350.jpg 1 0 0 3024 4032
p/IMG_4334.jpg 1 0 0 3024 4032
p/IMG_4328.jpg 1 0 0 3024 4032
p/IMG_4322.jpg 1 0 0 3024 4032
p/IMG_4332.jpg 1 0 0 3024 4032
p/IMG_4335.jpg 1 0 0 3024 4032
p/IMG_4327.jpg 1 0 0 3024 4032
p/IMG_4324.jpg 1 0 0 3024 4032
p/IMG_4338.jpg 1 0 0 3024 4032
p/IMG_4337.jpg 1 0 0 3024 4032
p/IMG_4346.jpg 1 0 0 3024 4032
p/IMG_4347.jpg 1 0 0 3024 4032
p/IMG_4323.jpg 1 0 0 3024 4032
p/IMG_4345.jpg 1 0 0 3024 4032
p/IMG_4340.jpg 1 0 0 3024 4032
p/IMG_4341.jpg 1 0 0 3024 4032
p/IMG_4339.jpg 1 0 0 3024 4032
p/IMG_4331.jpg 1 0 0 3024 4032
p/IMG_4342.jpg 1 0 0 3024 4032
p/IMG_4326.jpg 1 0 0 3024 4032
p/IMG_4329.jpg 1 0 0 3024 4032
p/IMG_4321.jpg 1 0 0 3024 4032
p/IMG_4330.jpg 1 0 0 3024 4032
p/IMG_4305.jpg 1 0 0 3024 4032
p/IMG_4301.jpg 1 0 0 3024 4032
p/IMG_4292.jpg 1 0 0 3024 4032
p/IMG_4297.jpg 1 0 0 3024 4032
p/IMG_4295.jpg 1 0 0 3024 4032
p/IMG_4310.jpg 1 0 0 3024 4032
p/IMG_4313.jpg 1 0 0 3024 4032
p/IMG_4312.jpg 1 0 0 3024 4032
p/IMG_4319.jpg 1 0 0 3024 4032
p/IMG_4311.jpg 1 0 0 3024 4032
p/IMG_4317.jpg 1 0 0 3024 4032
p/IMG_4308.jpg 1 0 0 3024 4032
p/IMG_4306.jpg 1 0 0 3024 4032
p/IMG_4309.jpg 1 0 0 3024 4032
p/IMG_4293.jpg 1 0 0 3024 4032
p/IMG_4307.jpg 1 0 0 3024 4032
p/IMG_4318.jpg 1 0 0 3024 4032
p/IMG_4315.jpg 1 0 0 3024 4032
p/IMG_4294.jpg 1 0 0 3024 4032
p/IMG_4304.jpg 1 0 0 3024 4032
p/IMG_4302.jpg 1 0 0 3024 4032
p/IMG_4299.jpg 1 0 0 3024 4032
p/IMG_4296.jpg 1 0 0 3024 4032
p/IMG_4300.jpg 1 0 0 3024 4032
p/IMG_4303.jpg 1 0 0 3024 4032
p/IMG_4320.jpg 1 0 0 3024 4032
p/IMG_4314.jpg 1 0 0 3024 4032
p/IMG_4291.jpg 1 0 0 3024 4032
p/IMG_4316.jpg 1 0 0 3024 4032
p/IMG_4298.jpg 1 0 0 3024 4032
p/IMG_4271.jpg 1 0 0 3024 4032
p/IMG_4290.jpg 1 0 0 3024 4032
p/IMG_4265.jpg 1 0 0 3024 4032
p/IMG_4269.jpg 1 0 0 3024 4032
p/IMG_4261.jpg 1 0 0 3024 4032
p/IMG_4262.jpg 1 0 0 3024 4032
p/IMG_4274.jpg 1 0 0 3024 4032
p/IMG_4288.jpg 1 0 0 3024 4032
p/IMG_4267.jpg 1 0 0 3024 4032
p/IMG_4289.jpg 1 0 0 3024 4032
p/IMG_4268.jpg 1 0 0 3024 4032
p/IMG_4283.jpg 1 0 0 3024 4032
p/IMG_4282.jpg 1 0 0 3024 4032
p/IMG_4275.jpg 1 0 0 3024 4032
p/IMG_4270.jpg 1 0 0 3024 4032
p/IMG_4284.jpg 1 0 0 3024 4032
p/IMG_4273.jpg 1 0 0 3024 4032
p/IMG_4263.jpg 1 0 0 3024 4032
p/IMG_4280.jpg 1 0 0 3024 4032
p/IMG_4287.jpg 1 0 0 3024 4032
p/IMG_4285.jpg 1 0 0 3024 4032
p/IMG_4278.jpg 1 0 0 3024 4032
p/IMG_4276.jpg 1 0 0 3024 4032
p/IMG_4281.jpg 1 0 0 3024 4032
p/IMG_4286.jpg 1 0 0 3024 4032
p/IMG_4266.jpg 1 0 0 3024 4032
p/IMG_4264.jpg 1 0 0 3024 4032
p/IMG_4277.jpg 1 0 0 3024 4032
p/IMG_4279.jpg 1 0 0 3024 4032
p/IMG_4272.jpg 1 0 0 3024 4032